epoch           num_updates     train_loss      validation_loss timestamp       
0               0               7.8785          7.7166          2020-03-05 20:02:17.556154
1               100             303.4662        243.5619        2020-03-05 20:05:10.434690
2               201             611.6664        531.6546        2020-03-05 20:08:02.417490
3               303             592.4851        535.8964        2020-03-05 20:10:46.763631
4               404             961.439         786.4077        2020-03-05 20:13:34.463959
5               506             1033.6945       898.9858        2020-03-05 20:16:24.156189
6               606             918.526         817.1076        2020-03-05 20:19:06.704787
7               705             1158.7333       1051.8838       2020-03-05 20:21:44.753894
8               806             734.8757        675.0969        2020-03-05 20:24:26.710172
9               906             606.5433        566.5276        2020-03-05 20:27:09.275632
10              1008            733.8096        686.6311        2020-03-05 20:29:50.774061
11              1107            767.2125        749.4896        2020-03-05 20:32:30.229919
12              1207            658.1992        626.9191        2020-03-05 20:35:13.488510
13              1307            833.8972        798.7043        2020-03-05 20:37:59.272792
14              1407            763.4879        753.6199        2020-03-05 20:40:47.289154
15              1508            757.9174        766.63          2020-03-05 20:43:35.427922
16              1607            563.6167        561.9958        2020-03-05 20:46:17.028837
17              1707            580.9576        594.5737        2020-03-05 20:48:59.881820
18              1807            1256.6431       1187.1313       2020-03-05 20:51:40.675947
19              1908            1232.5005       1176.0223       2020-03-05 20:54:25.577678
20              2008            767.9126        741.1465        2020-03-05 20:57:11.584777
21              2107            839.8339        838.7843        2020-03-05 20:59:53.225114
22              2209            802.1834        814.062         2020-03-05 21:02:36.184866
23              2307            1400.3295       1249.2816       2020-03-05 21:05:18.185466
24              2406            985.502         963.176         2020-03-05 21:08:00.940734
25              2507            1029.3473       1024.9501       2020-03-05 21:10:44.445841
26              2608            969.2249        1006.066        2020-03-05 21:13:30.296714
27              2708            1068.0161       1088.5844       2020-03-05 21:16:09.162234
28              2806            954.1055        991.9816        2020-03-05 21:18:49.711865
29              2907            950.6591        935.9007        2020-03-05 21:21:32.942581
30              3006            863.5563        889.8954        2020-03-05 21:24:20.080996
31              3108            916.9596        893.5506        2020-03-05 21:27:07.428767
32              3208            919.5042        927.1751        2020-03-05 21:29:53.163855
33              3310            977.0925        1021.3115       2020-03-05 21:32:36.661931
34              3411            980.3636        1029.1227       2020-03-05 21:35:21.871965
35              3512            971.8347        1021.2877       2020-03-05 21:38:07.029349
36              3612            1046.4158       1108.7217       2020-03-05 21:40:50.712624
37              3713            1073.6208       1123.6703       2020-03-05 21:43:35.157339
38              3812            1124.8999       1187.1343       2020-03-05 21:46:16.593985
39              3911            1509.9913       1563.223        2020-03-05 21:49:03.043495
40              4010            1164.598        1211.7094       2020-03-05 21:51:49.949630
41              4111            1116.5848       1167.4672       2020-03-05 21:54:39.122961
42              4209            1157.5333       1230.8403       2020-03-05 21:57:23.322806
43              4310            798.0869        826.2726        2020-03-05 22:00:08.489763
44              4412            1679.9794       1497.3091       2020-03-05 22:02:52.892715
45              4513            1322.465        1335.9073       2020-03-05 22:05:41.019137
46              4613            1222.9716       1230.6199       2020-03-05 22:08:24.165080
47              4715            1209.4161       1181.1532       2020-03-05 22:11:15.359883
48              4814            1023.4948       1015.2145       2020-03-05 22:14:05.454656
49              4912            1043.3621       1056.0945       2020-03-05 22:16:49.729259
50              5013            1099.9203       1137.4034       2020-03-05 22:19:45.300959
51              5114            1235.4961       1260.3459       2020-03-05 22:22:31.640922
52              5214            1239.616        1244.6761       2020-03-05 22:25:23.928900
53              5315            1029.6145       1027.8212       2020-03-05 22:28:11.009904
54              5414            1118.8833       1117.0977       2020-03-05 22:30:54.798041
55              5514            1348.4215       1305.0453       2020-03-05 22:33:36.115591
56              5614            1155.1193       1084.3746       2020-03-05 22:36:30.128163
57              5716            1034.5533       1006.0146       2020-03-05 22:39:20.360522
58              5815            1203.6986       1143.142        2020-03-05 22:42:06.865211
59              5914            1022.0334       1027.9949       2020-03-05 22:44:53.983361
60              6016            1128.0397       1031.6895       2020-03-05 22:47:39.014766
61              6116            1149.0321       1077.701        2020-03-05 22:50:25.492679
62              6216            1325.7875       1273.3518       2020-03-05 22:53:11.407932
63              6316            1290.1968       1196.1412       2020-03-05 22:56:10.063747
64              6416            1392.4514       1331.5844       2020-03-05 22:59:11.602705
65              6517            1345.6224       1182.9211       2020-03-05 23:02:07.329312
66              6618            1392.0592       1289.5797       2020-03-05 23:04:49.176178
67              6718            1458.301        1284.7139       2020-03-05 23:07:23.360350
68              6818            1354.048        1211.1318       2020-03-05 23:09:58.279586
69              6920            1342.2761       1232.4252       2020-03-05 23:12:38.305956
70              7019            1216.222        1148.7473       2020-03-05 23:15:17.316206
71              7120            1726.8379       1530.2477       2020-03-05 23:17:53.489122
72              7222            1651.6902       1405.6036       2020-03-05 23:20:30.051206
73              7323            1490.7977       1327.6573       2020-03-05 23:23:06.814263
74              7423            1390.0105       1296.2909       2020-03-05 23:25:42.402736
75              7523            1363.1675       1328.6981       2020-03-05 23:28:19.703796
76              7626            1776.4526       1667.2494       2020-03-05 23:31:01.629586
77              7725            1724.6866       1582.5864       2020-03-05 23:33:39.796370
78              7824            1618.4412       1530.694        2020-03-05 23:36:16.692964
79              7922            1549.7272       1447.7469       2020-03-05 23:38:54.518402
80              8021            1631.0254       1526.0604       2020-03-05 23:41:30.342202
81              8121            1555.3154       1458.2518       2020-03-05 23:44:07.172163
82              8220            1517.3894       1406.2856       2020-03-05 23:46:46.441712
83              8321            1729.991        1612.566        2020-03-05 23:49:22.444978
84              8422            1200.1317       1113.3135       2020-03-05 23:51:58.362585
85              8521            1283.5542       1218.9554       2020-03-05 23:54:39.808294
86              8621            1419.2883       1354.3861       2020-03-05 23:57:16.503852
87              8722            2045.4846       1800.9602       2020-03-05 23:59:53.001846
88              8823            1116.2654       949.6916        2020-03-06 00:02:25.701389
89              8923            1305.8147       1281.8439       2020-03-06 00:05:11.595168
90              9024            1446.903        1271.017        2020-03-06 00:08:02.966565
91              9126            2135.5659       1649.7139       2020-03-06 00:10:45.929765
92              9226            1868.1484       1637.4608       2020-03-06 00:13:27.933791
93              9327            1550.2969       1460.4646       2020-03-06 00:16:06.323915
94              9428            1451.3518       1465.5983       2020-03-06 00:18:48.345942
95              9529            1540.6848       1535.5673       2020-03-06 00:21:28.722272
96              9630            1540.8732       1541.7424       2020-03-06 00:23:58.130452
97              9730            1490.8976       1446.1649       2020-03-06 00:26:21.931468
98              9831            1612.9054       1582.6876       2020-03-06 00:28:47.869602
99              9931            1515.4197       1467.4093       2020-03-06 00:31:11.693916
100             10032           1485.4962       1465.3146       2020-03-06 00:33:38.558901
101             10132           1654.4099       1584.9305       2020-03-06 00:36:01.291276
102             10232           1982.0685       1968.0331       2020-03-06 00:38:27.275267
103             10331           1950.6997       1888.3809       2020-03-06 00:40:52.434756
104             10432           1938.6693       1911.6809       2020-03-06 00:43:20.279791
105             10533           1949.6002       1913.9598       2020-03-06 00:45:52.500656
106             10632           1669.8433       1657.8099       2020-03-06 00:48:24.964690
107             10733           1765.1907       1764.9016       2020-03-06 00:50:52.458591
108             10831           1598.9316       1551.8646       2020-03-06 00:53:09.390177
109             10930           1617.8412       1598.6917       2020-03-06 00:55:28.115435
110             11031           1557.3308       1469.7455       2020-03-06 00:57:46.736652
111             11132           1760.6997       1668.7916       2020-03-06 01:00:13.750475
112             11232           1727.4792       1620.6942       2020-03-06 01:02:45.584844
113             11333           1922.8945       1715.2432       2020-03-06 01:05:13.709972
114             11435           1783.9186       1658.5057       2020-03-06 01:07:37.927530
115             11536           1731.1902       1568.5677       2020-03-06 01:10:01.513531
116             11634           1563.9254       1400.3436       2020-03-06 01:12:23.936212
117             11737           1840.0829       1566.5189       2020-03-06 01:14:48.134605
118             11836           1936.5629       1906.7773       2020-03-06 01:17:14.734836
119             11936           1934.5399       1874.8405       2020-03-06 01:19:43.705096
120             12034           2247.8228       2150.8328       2020-03-06 01:22:11.649232
121             12134           2319.7324       2155.3965       2020-03-06 01:24:37.091462
122             12235           2053.9758       1925.0471       2020-03-06 01:27:02.916176
123             12337           1803.0208       1660.0664       2020-03-06 01:29:28.893815
124             12437           2047.3756       1871.4873       2020-03-06 01:31:53.621621
125             12537           2274.894        2085.3496       2020-03-06 01:34:19.258221
126             12637           2393.7126       2216.7847       2020-03-06 01:36:44.047470
127             12737           2156.6418       1971.0751       2020-03-06 01:39:08.983839
128             12838           2166.6506       2000.0479       2020-03-06 01:41:36.844682
129             12938           2263.5325       2007.6744       2020-03-06 01:44:06.955227
130             13037           2181.7964       1998.2893       2020-03-06 01:46:32.906076
131             13137           2427.3569       2184.7488       2020-03-06 01:49:00.959832
132             13236           2278.864        2007.135        2020-03-06 01:51:29.515211
133             13336           2690.9358       2242.1794       2020-03-06 01:53:55.533370
134             13435           2278.7661       1958.085        2020-03-06 01:56:22.527472
135             13536           2938.2854       2489.3616       2020-03-06 01:58:51.828141
136             13637           2450.2192       2163.0964       2020-03-06 02:01:21.500206
137             13737           1966.1836       1814.8145       2020-03-06 02:03:49.965924
138             13837           2335.3372       2022.3871       2020-03-06 02:06:11.755984
139             13936           2284.7751       2039.0375       2020-03-06 02:08:36.193069
140             14038           2115.4438       1879.9586       2020-03-06 02:11:04.223536
141             14138           2216.8899       2005.9172       2020-03-06 02:13:28.085450
142             14239           2251.0405       1973.5742       2020-03-06 02:15:55.365654
143             14338           1942.7894       1760.7959       2020-03-06 02:18:16.729950
144             14438           1949.2909       1842.0619       2020-03-06 02:20:39.664455
145             14539           2725.9324       2485.8479       2020-03-06 02:23:02.073882
146             14640           2306.9775       2146.3977       2020-03-06 02:25:34.923805
147             14740           2016.2296       1975.3789       2020-03-06 02:28:02.236780
148             14840           2466.2568       2314.4692       2020-03-06 02:30:26.167147
149             14939           2039.1044       1951.5699       2020-03-06 02:32:52.949577
150             15038           2255.5552       2087.8142       2020-03-06 02:35:23.919599
151             15138           2420.9812       2339.1794       2020-03-06 02:37:55.010632
152             15238           1982.5526       1890.709        2020-03-06 02:40:24.851013
153             15338           2300.7241       2173.4031       2020-03-06 02:42:46.803268
154             15439           2479.4617       2343.3831       2020-03-06 02:45:13.821419
155             15539           2488.2141       2557.4834       2020-03-06 02:47:35.907693
156             15640           2215.6843       2200.7166       2020-03-06 02:49:58.333166
157             15739           2466.9072       2470.1912       2020-03-06 02:52:17.578918
158             15838           2181.5374       2183.2734       2020-03-06 02:54:40.461235
159             15937           2209.342        2198.3313       2020-03-06 02:57:02.470168
160             16037           2349.0515       2267.2966       2020-03-06 02:59:29.681192
161             16137           2476.4902       2377.3235       2020-03-06 03:01:59.783918
162             16236           2104.1724       2136.8347       2020-03-06 03:04:24.016783
163             16336           2193.9392       2228.4727       2020-03-06 03:06:54.383779
164             16435           1989.4958       2107.7231       2020-03-06 03:09:19.896543
165             16536           2186.1548       2250.3418       2020-03-06 03:11:48.928118
166             16636           2023.0568       2020.8711       2020-03-06 03:14:13.261005
167             16734           2420.2847       2352.1511       2020-03-06 03:16:38.955039
168             16835           2106.9287       2165.6882       2020-03-06 03:19:13.211432
169             16934           2278.4429       2250.3064       2020-03-06 03:21:38.077733
170             17033           2172.145        2229.3567       2020-03-06 03:23:58.796637
171             17133           2912.8623       2761.7612       2020-03-06 03:26:22.038153
172             17232           2457.6851       2413.9434       2020-03-06 03:28:52.099748
173             17334           2180.303        2106.5017       2020-03-06 03:31:20.459027
174             17432           2204.677        2147.7605       2020-03-06 03:33:48.649020
175             17534           1890.9136       1910.6371       2020-03-06 03:36:22.830418
176             17634           1588.801        1691.0891       2020-03-06 03:38:56.903228
177             17735           1863.5938       1985.6256       2020-03-06 03:41:26.107848
178             17834           1902.0668       1920.4307       2020-03-06 03:43:52.204548
179             17934           1874.0533       1897.9631       2020-03-06 03:46:16.541741
180             18033           2171.7847       2048.2759       2020-03-06 03:48:48.225214
181             18132           2175.8293       2040.7678       2020-03-06 03:51:17.923806
182             18236           2253.1194       2231.1965       2020-03-06 03:53:53.120099
183             18335           2065.9224       1865.2509       2020-03-06 03:56:29.227854
184             18434           2472.5615       2223.8567       2020-03-06 03:58:57.687034
185             18534           2410.5269       2206.3494       2020-03-06 04:01:33.485759
186             18634           2273.1365       2086.6648       2020-03-06 04:04:01.092287
187             18733           1836.8275       1686.8802       2020-03-06 04:06:30.665473
188             18834           1702.4883       1598.0551       2020-03-06 04:08:50.728472
189             18935           2141.8774       1939.9081       2020-03-06 04:11:18.932120
190             19035           2316.2695       2162.29         2020-03-06 04:13:47.130364
191             19136           1936.4855       1791.4807       2020-03-06 04:16:24.235283
192             19236           2117.8264       1915.7567       2020-03-06 04:18:53.252293
193             19335           2180.9001       1972.9231       2020-03-06 04:21:20.023680
194             19435           2012.2893       1836.7151       2020-03-06 04:23:45.750942
195             19536           2064.0977       1901.0104       2020-03-06 04:26:15.622425
196             19635           2099.2468       1921.6234       2020-03-06 04:28:49.643616
197             19734           2375.7131       2102.4514       2020-03-06 04:31:22.918229
198             19834           2291.4331       2075.1648       2020-03-06 04:33:57.710687
199             19936           2238.6917       2028.2512       2020-03-06 04:36:30.931400
200             20037           2328.3496       2145.1638       2020-03-06 04:38:51.595621
201             20137           2221.2822       2095.3013       2020-03-06 04:41:17.747672
202             20236           2192.4331       2026.975        2020-03-06 04:43:32.573193
203             20336           2714.1631       2466.176        2020-03-06 04:46:04.769811
204             20435           2342.2986       2154.8621       2020-03-06 04:48:38.858635
205             20535           2060.197        1850.8514       2020-03-06 04:50:59.975846
206             20637           2078.6387       1895.3695       2020-03-06 04:53:37.854990
207             20738           1872.3206       1604.9071       2020-03-06 04:56:12.483282
208             20840           2159.0908       1872.8011       2020-03-06 04:58:43.843954
209             20940           2160.5708       1886.0016       2020-03-06 05:01:14.596105
210             21041           2417.24         2119.5149       2020-03-06 05:03:46.318258
